<?xml version="1.0" encoding="UTF-8"?>
<!-- Generated by org.testng.reporters.JUnitReportReporter -->
<testsuite hostname="XIPL91635" failures="0" tests="3" name="API.test.Library_api" time="2.965" errors="0" timestamp="2022-02-14T14:01:09 IST" skipped="0">
  <testcase classname="API.test.Library_api" name="addbook" time="2.357"/>
  <system-out/>
  <testcase classname="API.test.Library_api" name="addbook" time="0.296"/>
  <system-out/>
  <testcase classname="API.test.Library_api" name="addbook" time="0.312"/>
  <system-out/>
</testsuite> <!-- API.test.Library_api -->
